<?xml version="1.0" encoding="UTF-8"?>
<!-- Generated by org.testng.reporters.JUnitXMLReporter -->
<testsuite hostname="Simlat_Asus" ignored="1" name="Login test on chrome" tests="1" failures="0" timestamp="2019-12-25T15:54:35 EST" time="35.578" errors="0">
  <testcase name="Test1" time="25.911" classname="com.ipivot.InsuranceCalculator.DataDrivenTests.TestCase1"/>
  <testcase name="Test2" time="0.0" classname="com.ipivot.InsuranceCalculator.DataDrivenTests.TestCase1">
    <ignored/>
  </testcase> <!-- Test2 -->
</testsuite> <!-- Login test on chrome -->
