<?xml version="1.0" encoding="UTF-8"?>
<!-- Generated by org.testng.reporters.JUnitXMLReporter -->
<testsuite hostname="Simlat_Asus" ignored="0" name="Test" tests="4" failures="0" timestamp="2019-12-13T17:49:09 EST" time="0.086" errors="0">
  <testcase name="Test1" time="0.012" classname="com.CompName.SDET_Nov_2019.InsuranceCalculateTests"/>
  <testcase name="Test2" time="0.002" classname="com.CompName.SDET_Nov_2019.InsuranceCalculateTests"/>
  <testcase name="Test3" time="0.001" classname="com.CompName.SDET_Nov_2019.InsuranceCalculateTests"/>
  <testcase name="Test4" time="0.002" classname="com.CompName.SDET_Nov_2019.InsuranceCalculateTests"/>
</testsuite> <!-- Test -->
