<?xml version="1.0" encoding="UTF-8"?>
<testng-results skipped="0" failed="0" ignored="0" total="4" passed="4">
  <reporter-output>
  </reporter-output>
  <suite name="Suite" duration-ms="66" started-at="2019-12-12T11:49:42 EST" finished-at="2019-12-12T11:49:42 EST">
    <groups>
    </groups>
    <test name="Test" duration-ms="66" started-at="2019-12-12T11:49:42 EST" finished-at="2019-12-12T11:49:42 EST">
      <class name="com.CompName.SDET_Nov_2019.InsuranceCalculateTests">
        <test-method status="PASS" signature="Test1()[pri:0, instance:com.CompName.SDET_Nov_2019.InsuranceCalculateTests@4f970963]" name="Test1" duration-ms="12" started-at="2019-12-12T11:49:42 EST" finished-at="2019-12-12T11:49:42 EST">
          <reporter-output>
          </reporter-output>
        </test-method> <!-- Test1 -->
        <test-method status="PASS" signature="Test2()[pri:0, instance:com.CompName.SDET_Nov_2019.InsuranceCalculateTests@4f970963]" name="Test2" duration-ms="2" started-at="2019-12-12T11:49:42 EST" finished-at="2019-12-12T11:49:42 EST">
          <reporter-output>
          </reporter-output>
        </test-method> <!-- Test2 -->
        <test-method status="PASS" signature="Test3()[pri:0, instance:com.CompName.SDET_Nov_2019.InsuranceCalculateTests@4f970963]" name="Test3" duration-ms="1" started-at="2019-12-12T11:49:42 EST" finished-at="2019-12-12T11:49:42 EST">
          <reporter-output>
          </reporter-output>
        </test-method> <!-- Test3 -->
        <test-method status="PASS" signature="Test4()[pri:0, instance:com.CompName.SDET_Nov_2019.InsuranceCalculateTests@4f970963]" name="Test4" duration-ms="2" started-at="2019-12-12T11:49:42 EST" finished-at="2019-12-12T11:49:42 EST">
          <reporter-output>
          </reporter-output>
        </test-method> <!-- Test4 -->
      </class> <!-- com.CompName.SDET_Nov_2019.InsuranceCalculateTests -->
    </test> <!-- Test -->
  </suite> <!-- Suite -->
</testng-results>
